Order of columns for Suv_RA is as follows: (u,v)
(0,0) (0,1) (0,2) (0,3) (0,4) (1,0) (1,1) (1,2) (1,3) (1,4) (2,0) (2,1) (2,2) (2,3) (2,4) (3,0) (3,1) (3,2) (3,3) (3,4) (4,0) (4,1) (4,2) (4,3) (4,4) 
Order of columns for gammaAB_RA is as follows: (A,B)
(0,0) (0,1) (1,0) (1,1) 
Order of rows is as follows
x
y
z
Nuclear Repulsion Energy is 89.21769391 eV.
Electron Energy is -602.1946427 eV.
  Suv_RA
        0   0.3446  -0.1865        0        0  -0.3446        0        0        0        0   0.1865        0        0        0        0        0        0        0        0        0        0        0        0        0        0
        0        0        0   0.2129        0        0        0        0        0        0        0        0        0        0        0  -0.2129        0        0        0        0        0        0        0        0        0
        0        0        0        0   0.2129        0        0        0        0        0        0        0        0        0        0        0        0        0        0        0  -0.2129        0        0        0        0
gammaAB_RA
        0   5.1381  -5.1381        0
        0        0        0        0
        0        0        0        0
gradient_nuclear
   48.7528  -48.7528
         0         0
         0         0
gradient_electronic
  -45.8261   45.8261
         0         0
         0         0
gradient
   2.9267  -2.9267
        0        0
        0        0
