Order of columns for Suv_RA is as follows: (u,v)
(0,0) (0,1) (0,2) (0,3) (0,4) (1,0) (1,1) (1,2) (1,3) (1,4) (2,0) (2,1) (2,2) (2,3) (2,4) (3,0) (3,1) (3,2) (3,3) (3,4) (4,0) (4,1) (4,2) (4,3) (4,4) 
Order of columns for gammaAB_RA is as follows: (A,B)
(0,0) (0,1) (1,0) (1,1) 
Order of rows is as follows
x
y
z
Nuclear repulsion energy is 110.744 eV
Electron energy: -873.15 eV
  Suv_RA
            0   3.5707e-01  -1.8067e-01            0            0  -3.5707e-01            0   1.6653e-16            0            0   1.8067e-01   1.9429e-16            0            0            0            0            0            0            0            0            0            0            0            0            0
            0            0            0   2.0441e-01            0            0            0            0   1.6653e-16            0            0            0            0            0            0  -2.0441e-01   1.9429e-16            0            0            0            0            0            0            0            0
            0            0            0            0   2.0441e-01            0            0            0            0   1.6653e-16            0            0            0            0            0            0            0            0            0            0  -2.0441e-01   1.9429e-16            0            0            0
gammaAB_RA
        0   5.7692  -5.7692        0
        0        0        0        0
        0        0        0        0
gradient_nuclear
   64.3859  -64.3859
         0         0
         0         0
gradient_electronic
  -58.0500   58.0500
         0         0
         0         0
gradient
   6.3359  -6.3359
        0        0
        0        0
