Order of columns for Suv_RA is as follows: (u,v)
(0,0) (0,1) (0,2) (0,3) (0,4) (1,0) (1,1) (1,2) (1,3) (1,4) (2,0) (2,1) (2,2) (2,3) (2,4) (3,0) (3,1) (3,2) (3,3) (3,4) (4,0) (4,1) (4,2) (4,3) (4,4) 
Order of columns for gammaAB_RA is as follows: (A,B)
(0,0) (0,1) (1,0) (1,1) 
Order of rows is as follows
x
y
z
Nuclear repulsion energy is 89.2175 eV
Electron energy: -602.193 eV
  Suv_RA
            0   3.4456e-01  -1.8652e-01            0            0  -3.4456e-01   1.5225e-16            0            0            0   1.8652e-01            0  -2.8256e-16            0            0            0            0            0  -2.8256e-16            0            0            0            0            0  -2.8256e-16
            0            0            0   2.1286e-01            0            0            0            0            0            0            0            0            0   5.8548e-32            0  -2.1286e-01            0   4.9304e-32            0            0            0            0            0            0            0
            0            0            0            0   2.1286e-01            0            0            0            0   2.7756e-17            0            0            0            0   3.3896e-32            0            0            0            0            0  -2.1286e-01   2.7756e-17   2.4652e-32            0            0
gammaAB_RA
        0   5.1381  -5.1381        0
        0        0        0        0
        0        0        0        0
gradient_nuclear
   48.7527  -48.7527
         0         0
         0         0
gradient_electronic
  -45.8259   45.8259
         0         0
         0         0
gradient
   2.9268  -2.9268
        0        0
        0        0
